2020-08-04 20:52:55,529 - instabot version: 0.117.0 (bot) - INFO - Instabot version: 0.117.0 Started
2020-08-04 20:52:55,530 - instabot version: 0.117.0 (bot) - DEBUG - Bot imported from C:\Users\reube\miniconda3\envs\minimal_ds\lib\site-packages\instabot\bot\bot.py
2020-08-04 20:52:55,531 - instabot version: 0.117.0 (api_login) - DEBUG - Loading cookies
2020-08-04 20:52:55,531 - instabot version: 0.117.0 (api_login) - DEBUG - Loading uuids
2020-08-04 20:52:55,531 - instabot version: 0.117.0 (api_login) - INFO - Recovery from H:\GitHub\Reddit-Insta-Bot/config/memes_byai_uuid_and_cookie.json: COOKIE True - UUIDs True - TIMING, DEVICE and ...
- user-agent=Instagram 117.0.0.28.123 Android (28/9.0; 420dpi; 1080x1920; OnePlus; ONEPLUS A3003; OnePlus3; qcom; en_US; 180322800)
- phone_id=9306c2e1-7935-47fa-b5a2-4af12d3f048d
- uuid=08156bcd-8f4e-4a2a-866e-6b9f616f5337
- client_session_id=800c582d-f34e-4c9f-956b-2ed97471f29a
- device_id=android-1d6246396561fa9b
2020-08-04 20:52:55,550 - instabot version: 0.117.0 (api_login) - INFO - LOGIN FLOW! Just logged-in: False
2020-08-04 20:52:56,712 - instabot version: 0.117.0 (api) - DEBUG - POST to endpoint: feed/timeline/ returned response: <Response [200]>
2020-08-04 20:52:57,454 - instabot version: 0.117.0 (api) - DEBUG - POST to endpoint: feed/reels_tray/ returned response: <Response [200]>
2020-08-04 20:52:57,455 - instabot version: 0.117.0 (api) - INFO - Logged-in successfully as 'memes_byai'!
2020-08-04 20:52:57,456 - instabot version: 0.117.0 (bot_checkpoint) - DEBUG - Loading Checkpoint file from: H:\GitHub\Reddit-Insta-Bot/config/memes_byai.checkpoint
2020-08-04 20:53:19,420 - instabot version: 0.117.0 (api) - DEBUG - POST to endpoint: media/configure/? returned response: <Response [200]>
2020-08-04 20:53:19,763 - instabot version: 0.117.0 (api) - DEBUG - POST to endpoint: qe/expose/ returned response: <Response [200]>
2020-08-04 20:53:20,301 - instabot version: 0.117.0 (bot) - INFO - Instabot version: 0.117.0 Started
2020-08-04 20:53:20,302 - instabot version: 0.117.0 (bot) - DEBUG - Bot imported from C:\Users\reube\miniconda3\envs\minimal_ds\lib\site-packages\instabot\bot\bot.py
2020-08-04 20:53:20,303 - instabot version: 0.117.0 (api_login) - DEBUG - Loading cookies
2020-08-04 20:53:20,303 - instabot version: 0.117.0 (api_login) - DEBUG - Loading uuids
2020-08-04 20:53:20,303 - instabot version: 0.117.0 (api_login) - INFO - Recovery from H:\GitHub\Reddit-Insta-Bot/config/memes_byai_uuid_and_cookie.json: COOKIE True - UUIDs True - TIMING, DEVICE and ...
- user-agent=Instagram 117.0.0.28.123 Android (28/9.0; 420dpi; 1080x1920; OnePlus; ONEPLUS A3003; OnePlus3; qcom; en_US; 180322800)
- phone_id=9306c2e1-7935-47fa-b5a2-4af12d3f048d
- uuid=08156bcd-8f4e-4a2a-866e-6b9f616f5337
- client_session_id=800c582d-f34e-4c9f-956b-2ed97471f29a
- device_id=android-1d6246396561fa9b
2020-08-04 20:53:20,324 - instabot version: 0.117.0 (api_login) - INFO - LOGIN FLOW! Just logged-in: False
2020-08-04 20:53:21,730 - instabot version: 0.117.0 (api) - DEBUG - POST to endpoint: feed/timeline/ returned response: <Response [200]>
2020-08-04 20:53:22,234 - instabot version: 0.117.0 (api) - DEBUG - POST to endpoint: feed/reels_tray/ returned response: <Response [200]>
2020-08-04 20:53:22,235 - instabot version: 0.117.0 (api) - INFO - Logged-in successfully as 'memes_byai'!
2020-08-04 20:53:22,235 - instabot version: 0.117.0 (bot_checkpoint) - DEBUG - Loading Checkpoint file from: H:\GitHub\Reddit-Insta-Bot/config/memes_byai.checkpoint
2020-08-04 20:53:23,415 - instabot version: 0.117.0 (api_photo) - ERROR - Photo does not have a compatible photo aspect ratio.
2020-08-04 20:53:23,416 - instabot version: 0.117.0 (bot_photo) - INFO - Photo 'img.png' is not uploaded.
2020-08-04 20:53:23,826 - instabot version: 0.117.0 (bot) - INFO - Instabot version: 0.117.0 Started
2020-08-04 20:53:23,827 - instabot version: 0.117.0 (bot) - DEBUG - Bot imported from C:\Users\reube\miniconda3\envs\minimal_ds\lib\site-packages\instabot\bot\bot.py
2020-08-04 20:53:23,828 - instabot version: 0.117.0 (api_login) - DEBUG - Loading cookies
2020-08-04 20:53:23,828 - instabot version: 0.117.0 (api_login) - DEBUG - Loading uuids
2020-08-04 20:53:23,828 - instabot version: 0.117.0 (api_login) - INFO - Recovery from H:\GitHub\Reddit-Insta-Bot/config/memes_byai_uuid_and_cookie.json: COOKIE True - UUIDs True - TIMING, DEVICE and ...
- user-agent=Instagram 117.0.0.28.123 Android (28/9.0; 420dpi; 1080x1920; OnePlus; ONEPLUS A3003; OnePlus3; qcom; en_US; 180322800)
- phone_id=9306c2e1-7935-47fa-b5a2-4af12d3f048d
- uuid=08156bcd-8f4e-4a2a-866e-6b9f616f5337
- client_session_id=800c582d-f34e-4c9f-956b-2ed97471f29a
- device_id=android-1d6246396561fa9b
2020-08-04 20:53:23,848 - instabot version: 0.117.0 (api_login) - INFO - LOGIN FLOW! Just logged-in: False
2020-08-04 20:53:25,358 - instabot version: 0.117.0 (api) - DEBUG - POST to endpoint: feed/timeline/ returned response: <Response [200]>
2020-08-04 20:53:25,875 - instabot version: 0.117.0 (api) - DEBUG - POST to endpoint: feed/reels_tray/ returned response: <Response [200]>
2020-08-04 20:53:25,876 - instabot version: 0.117.0 (api) - INFO - Logged-in successfully as 'memes_byai'!
2020-08-04 20:53:25,876 - instabot version: 0.117.0 (bot_checkpoint) - DEBUG - Loading Checkpoint file from: H:\GitHub\Reddit-Insta-Bot/config/memes_byai.checkpoint
2020-08-04 20:53:29,216 - instabot version: 0.117.0 (api_photo) - ERROR - Photo does not have a compatible photo aspect ratio.
2020-08-04 20:53:29,217 - instabot version: 0.117.0 (bot_photo) - INFO - Photo 'img.png' is not uploaded.
2020-08-04 20:53:30,005 - instabot version: 0.117.0 (bot) - INFO - Instabot version: 0.117.0 Started
2020-08-04 20:53:30,006 - instabot version: 0.117.0 (bot) - DEBUG - Bot imported from C:\Users\reube\miniconda3\envs\minimal_ds\lib\site-packages\instabot\bot\bot.py
2020-08-04 20:53:30,007 - instabot version: 0.117.0 (api_login) - DEBUG - Loading cookies
2020-08-04 20:53:30,007 - instabot version: 0.117.0 (api_login) - DEBUG - Loading uuids
2020-08-04 20:53:30,008 - instabot version: 0.117.0 (api_login) - INFO - Recovery from H:\GitHub\Reddit-Insta-Bot/config/memes_byai_uuid_and_cookie.json: COOKIE True - UUIDs True - TIMING, DEVICE and ...
- user-agent=Instagram 117.0.0.28.123 Android (28/9.0; 420dpi; 1080x1920; OnePlus; ONEPLUS A3003; OnePlus3; qcom; en_US; 180322800)
- phone_id=9306c2e1-7935-47fa-b5a2-4af12d3f048d
- uuid=08156bcd-8f4e-4a2a-866e-6b9f616f5337
- client_session_id=800c582d-f34e-4c9f-956b-2ed97471f29a
- device_id=android-1d6246396561fa9b
2020-08-04 20:53:30,040 - instabot version: 0.117.0 (api_login) - INFO - LOGIN FLOW! Just logged-in: False
2020-08-04 20:53:31,340 - instabot version: 0.117.0 (api) - DEBUG - POST to endpoint: feed/timeline/ returned response: <Response [200]>
2020-08-04 20:53:31,876 - instabot version: 0.117.0 (api) - DEBUG - POST to endpoint: feed/reels_tray/ returned response: <Response [200]>
2020-08-04 20:53:31,877 - instabot version: 0.117.0 (api) - INFO - Logged-in successfully as 'memes_byai'!
2020-08-04 20:53:31,878 - instabot version: 0.117.0 (bot_checkpoint) - DEBUG - Loading Checkpoint file from: H:\GitHub\Reddit-Insta-Bot/config/memes_byai.checkpoint
2020-08-04 20:53:37,698 - instabot version: 0.117.0 (api_photo) - ERROR - Photo Upload failed with the following response: <Response [400]>
2020-08-04 20:53:37,699 - instabot version: 0.117.0 (bot_photo) - INFO - Photo 'img.png' is not uploaded.
2020-08-04 20:53:37,950 - instabot version: 0.117.0 (bot) - INFO - Instabot version: 0.117.0 Started
2020-08-04 20:53:37,950 - instabot version: 0.117.0 (bot) - DEBUG - Bot imported from C:\Users\reube\miniconda3\envs\minimal_ds\lib\site-packages\instabot\bot\bot.py
2020-08-04 20:53:37,951 - instabot version: 0.117.0 (api_login) - DEBUG - Loading cookies
2020-08-04 20:53:37,952 - instabot version: 0.117.0 (api_login) - DEBUG - Loading uuids
2020-08-04 20:53:37,952 - instabot version: 0.117.0 (api_login) - INFO - Recovery from H:\GitHub\Reddit-Insta-Bot/config/memes_byai_uuid_and_cookie.json: COOKIE True - UUIDs True - TIMING, DEVICE and ...
- user-agent=Instagram 117.0.0.28.123 Android (28/9.0; 420dpi; 1080x1920; OnePlus; ONEPLUS A3003; OnePlus3; qcom; en_US; 180322800)
- phone_id=9306c2e1-7935-47fa-b5a2-4af12d3f048d
- uuid=08156bcd-8f4e-4a2a-866e-6b9f616f5337
- client_session_id=800c582d-f34e-4c9f-956b-2ed97471f29a
- device_id=android-1d6246396561fa9b
2020-08-04 20:53:37,979 - instabot version: 0.117.0 (api_login) - INFO - LOGIN FLOW! Just logged-in: False
2020-08-04 20:53:39,319 - instabot version: 0.117.0 (api) - DEBUG - POST to endpoint: feed/timeline/ returned response: <Response [200]>
2020-08-04 20:53:39,799 - instabot version: 0.117.0 (api) - DEBUG - POST to endpoint: feed/reels_tray/ returned response: <Response [200]>
2020-08-04 20:53:39,800 - instabot version: 0.117.0 (api) - INFO - Logged-in successfully as 'memes_byai'!
2020-08-04 20:53:39,800 - instabot version: 0.117.0 (bot_checkpoint) - DEBUG - Loading Checkpoint file from: H:\GitHub\Reddit-Insta-Bot/config/memes_byai.checkpoint
2020-08-04 20:53:43,513 - instabot version: 0.117.0 (api_photo) - ERROR - Photo does not have a compatible photo aspect ratio.
2020-08-04 20:53:43,514 - instabot version: 0.117.0 (bot_photo) - INFO - Photo 'img.png' is not uploaded.
2020-08-04 20:53:43,815 - instabot version: 0.117.0 (bot) - INFO - Instabot version: 0.117.0 Started
2020-08-04 20:53:43,816 - instabot version: 0.117.0 (bot) - DEBUG - Bot imported from C:\Users\reube\miniconda3\envs\minimal_ds\lib\site-packages\instabot\bot\bot.py
2020-08-04 20:53:43,817 - instabot version: 0.117.0 (api_login) - DEBUG - Loading cookies
2020-08-04 20:53:43,817 - instabot version: 0.117.0 (api_login) - DEBUG - Loading uuids
2020-08-04 20:53:43,818 - instabot version: 0.117.0 (api_login) - INFO - Recovery from H:\GitHub\Reddit-Insta-Bot/config/memes_byai_uuid_and_cookie.json: COOKIE True - UUIDs True - TIMING, DEVICE and ...
- user-agent=Instagram 117.0.0.28.123 Android (28/9.0; 420dpi; 1080x1920; OnePlus; ONEPLUS A3003; OnePlus3; qcom; en_US; 180322800)
- phone_id=9306c2e1-7935-47fa-b5a2-4af12d3f048d
- uuid=08156bcd-8f4e-4a2a-866e-6b9f616f5337
- client_session_id=800c582d-f34e-4c9f-956b-2ed97471f29a
- device_id=android-1d6246396561fa9b
2020-08-04 20:53:43,840 - instabot version: 0.117.0 (api_login) - INFO - LOGIN FLOW! Just logged-in: False
2020-08-04 20:53:45,126 - instabot version: 0.117.0 (api) - DEBUG - POST to endpoint: feed/timeline/ returned response: <Response [200]>
2020-08-04 20:53:45,691 - instabot version: 0.117.0 (api) - DEBUG - POST to endpoint: feed/reels_tray/ returned response: <Response [200]>
2020-08-04 20:53:45,692 - instabot version: 0.117.0 (api) - INFO - Logged-in successfully as 'memes_byai'!
2020-08-04 20:53:45,693 - instabot version: 0.117.0 (bot_checkpoint) - DEBUG - Loading Checkpoint file from: H:\GitHub\Reddit-Insta-Bot/config/memes_byai.checkpoint
2020-08-04 20:53:47,118 - instabot version: 0.117.0 (api_photo) - ERROR - Photo does not have a compatible photo aspect ratio.
2020-08-04 20:53:47,119 - instabot version: 0.117.0 (bot_photo) - INFO - Photo 'img.png' is not uploaded.
2020-08-04 20:53:47,270 - instabot version: 0.117.0 (bot) - INFO - Instabot version: 0.117.0 Started
2020-08-04 20:53:47,271 - instabot version: 0.117.0 (bot) - DEBUG - Bot imported from C:\Users\reube\miniconda3\envs\minimal_ds\lib\site-packages\instabot\bot\bot.py
2020-08-04 20:53:47,272 - instabot version: 0.117.0 (api_login) - DEBUG - Loading cookies
2020-08-04 20:53:47,273 - instabot version: 0.117.0 (api_login) - DEBUG - Loading uuids
2020-08-04 20:53:47,273 - instabot version: 0.117.0 (api_login) - INFO - Recovery from H:\GitHub\Reddit-Insta-Bot/config/memes_byai_uuid_and_cookie.json: COOKIE True - UUIDs True - TIMING, DEVICE and ...
- user-agent=Instagram 117.0.0.28.123 Android (28/9.0; 420dpi; 1080x1920; OnePlus; ONEPLUS A3003; OnePlus3; qcom; en_US; 180322800)
- phone_id=9306c2e1-7935-47fa-b5a2-4af12d3f048d
- uuid=08156bcd-8f4e-4a2a-866e-6b9f616f5337
- client_session_id=800c582d-f34e-4c9f-956b-2ed97471f29a
- device_id=android-1d6246396561fa9b
2020-08-04 20:53:47,304 - instabot version: 0.117.0 (api_login) - INFO - LOGIN FLOW! Just logged-in: False
2020-08-04 20:53:48,606 - instabot version: 0.117.0 (api) - DEBUG - POST to endpoint: feed/timeline/ returned response: <Response [200]>
2020-08-04 20:53:49,092 - instabot version: 0.117.0 (api) - DEBUG - POST to endpoint: feed/reels_tray/ returned response: <Response [200]>
2020-08-04 20:53:49,093 - instabot version: 0.117.0 (api) - INFO - Logged-in successfully as 'memes_byai'!
2020-08-04 20:53:49,093 - instabot version: 0.117.0 (bot_checkpoint) - DEBUG - Loading Checkpoint file from: H:\GitHub\Reddit-Insta-Bot/config/memes_byai.checkpoint
2020-08-04 20:54:12,088 - instabot version: 0.117.0 (api) - DEBUG - POST to endpoint: media/configure/? returned response: <Response [200]>
2020-08-04 20:54:12,457 - instabot version: 0.117.0 (api) - DEBUG - POST to endpoint: qe/expose/ returned response: <Response [200]>
2020-08-04 20:54:12,628 - instabot version: 0.117.0 (bot) - INFO - Instabot version: 0.117.0 Started
2020-08-04 20:54:12,629 - instabot version: 0.117.0 (bot) - DEBUG - Bot imported from C:\Users\reube\miniconda3\envs\minimal_ds\lib\site-packages\instabot\bot\bot.py
2020-08-04 20:54:12,630 - instabot version: 0.117.0 (api_login) - DEBUG - Loading cookies
2020-08-04 20:54:12,630 - instabot version: 0.117.0 (api_login) - DEBUG - Loading uuids
2020-08-04 20:54:12,631 - instabot version: 0.117.0 (api_login) - INFO - Recovery from H:\GitHub\Reddit-Insta-Bot/config/memes_byai_uuid_and_cookie.json: COOKIE True - UUIDs True - TIMING, DEVICE and ...
- user-agent=Instagram 117.0.0.28.123 Android (28/9.0; 420dpi; 1080x1920; OnePlus; ONEPLUS A3003; OnePlus3; qcom; en_US; 180322800)
- phone_id=9306c2e1-7935-47fa-b5a2-4af12d3f048d
- uuid=08156bcd-8f4e-4a2a-866e-6b9f616f5337
- client_session_id=800c582d-f34e-4c9f-956b-2ed97471f29a
- device_id=android-1d6246396561fa9b
2020-08-04 20:54:12,663 - instabot version: 0.117.0 (api_login) - INFO - LOGIN FLOW! Just logged-in: False
2020-08-04 20:54:13,849 - instabot version: 0.117.0 (api) - DEBUG - POST to endpoint: feed/timeline/ returned response: <Response [200]>
2020-08-04 20:54:14,364 - instabot version: 0.117.0 (api) - DEBUG - POST to endpoint: feed/reels_tray/ returned response: <Response [200]>
2020-08-04 20:54:14,365 - instabot version: 0.117.0 (api) - INFO - Logged-in successfully as 'memes_byai'!
2020-08-04 20:54:14,366 - instabot version: 0.117.0 (bot_checkpoint) - DEBUG - Loading Checkpoint file from: H:\GitHub\Reddit-Insta-Bot/config/memes_byai.checkpoint
