2020-08-09 14:57:05,472 - instabot version: 0.117.0 (bot) - INFO - Instabot version: 0.117.0 Started
2020-08-09 14:57:05,472 - instabot version: 0.117.0 (bot) - DEBUG - Bot imported from C:\Users\reube\miniconda3\envs\minimal_ds\lib\site-packages\instabot\bot\bot.py
2020-08-09 14:57:05,473 - instabot version: 0.117.0 (api_login) - DEBUG - Loading cookies
2020-08-09 14:57:05,473 - instabot version: 0.117.0 (api_login) - DEBUG - Loading uuids
2020-08-09 14:57:05,473 - instabot version: 0.117.0 (api_login) - INFO - Recovery from H:\GitHub\Reddit-Insta-Bot/config/memes_byai_uuid_and_cookie.json: COOKIE True - UUIDs True - TIMING, DEVICE and ...
- user-agent=Instagram 117.0.0.28.123 Android (28/9.0; 420dpi; 1080x1920; OnePlus; ONEPLUS A3003; OnePlus3; qcom; en_US; 180322800)
- phone_id=9306c2e1-7935-47fa-b5a2-4af12d3f048d
- uuid=08156bcd-8f4e-4a2a-866e-6b9f616f5337
- client_session_id=85d6f949-6ef7-4ca9-9aa8-a7ccafa09182
- device_id=android-1d6246396561fa9b
2020-08-09 14:57:05,474 - instabot version: 0.117.0 (api_login) - INFO - LOGIN FLOW! Just logged-in: False
2020-08-09 14:57:06,827 - instabot version: 0.117.0 (api) - DEBUG - POST to endpoint: feed/timeline/ returned response: <Response [200]>
2020-08-09 14:57:07,526 - instabot version: 0.117.0 (api) - DEBUG - POST to endpoint: feed/reels_tray/ returned response: <Response [200]>
2020-08-09 14:57:07,994 - instabot version: 0.117.0 (api) - DEBUG - POST to endpoint: direct_v2/ranked_recipients/ returned response: <Response [200]>
2020-08-09 14:57:08,557 - instabot version: 0.117.0 (api) - DEBUG - POST to endpoint: direct_v2/ranked_recipients/ returned response: <Response [200]>
2020-08-09 14:57:09,188 - instabot version: 0.117.0 (api) - DEBUG - POST to endpoint: direct_v2/inbox/ returned response: <Response [200]>
2020-08-09 14:57:09,740 - instabot version: 0.117.0 (api) - DEBUG - GET to endpoint: direct_v2/get_presence/ returned response: <Response [200]>
2020-08-09 14:57:10,549 - instabot version: 0.117.0 (api) - DEBUG - GET to endpoint: news/inbox/?limited_activity=true&show_su=true returned response: <Response [200]>
2020-08-09 14:57:11,021 - instabot version: 0.117.0 (api) - DEBUG - GET to endpoint: users/profile_notice/ returned response: <Response [200]>
2020-08-09 14:57:11,818 - instabot version: 0.117.0 (api) - DEBUG - POST to endpoint: discover/explore/ returned response: <Response [200]>
2020-08-09 14:57:11,821 - instabot version: 0.117.0 (api) - INFO - Logged-in successfully as 'memes_byai'!
2020-08-09 14:57:11,821 - instabot version: 0.117.0 (bot_checkpoint) - DEBUG - Loading Checkpoint file from: H:\GitHub\Reddit-Insta-Bot/config/memes_byai.checkpoint
