2020-08-04 20:49:07,730 - instabot version: 0.117.0 (bot) - INFO - Instabot version: 0.117.0 Started
2020-08-04 20:49:07,730 - instabot version: 0.117.0 (bot) - DEBUG - Bot imported from C:\Users\reube\miniconda3\envs\minimal_ds\lib\site-packages\instabot\bot\bot.py
2020-08-04 20:49:07,731 - instabot version: 0.117.0 (api_login) - DEBUG - Loading cookies
2020-08-04 20:49:07,731 - instabot version: 0.117.0 (api_login) - DEBUG - Loading uuids
2020-08-04 20:49:07,731 - instabot version: 0.117.0 (api_login) - INFO - Recovery from H:\GitHub\Reddit-Insta-Bot/config/memes_byai_uuid_and_cookie.json: COOKIE True - UUIDs True - TIMING, DEVICE and ...
- user-agent=Instagram 117.0.0.28.123 Android (28/9.0; 420dpi; 1080x1920; OnePlus; ONEPLUS A3003; OnePlus3; qcom; en_US; 180322800)
- phone_id=9306c2e1-7935-47fa-b5a2-4af12d3f048d
- uuid=08156bcd-8f4e-4a2a-866e-6b9f616f5337
- client_session_id=800c582d-f34e-4c9f-956b-2ed97471f29a
- device_id=android-1d6246396561fa9b
2020-08-04 20:49:07,732 - instabot version: 0.117.0 (api_login) - INFO - LOGIN FLOW! Just logged-in: False
2020-08-04 20:49:09,506 - instabot version: 0.117.0 (api) - DEBUG - POST to endpoint: feed/timeline/ returned response: <Response [200]>
2020-08-04 20:49:10,152 - instabot version: 0.117.0 (api) - DEBUG - POST to endpoint: feed/reels_tray/ returned response: <Response [200]>
2020-08-04 20:49:10,152 - instabot version: 0.117.0 (api) - INFO - Logged-in successfully as 'memes_byai'!
2020-08-04 20:49:10,152 - instabot version: 0.117.0 (bot_checkpoint) - DEBUG - Loading Checkpoint file from: H:\GitHub\Reddit-Insta-Bot/config/memes_byai.checkpoint
2020-08-04 20:49:11,285 - instabot version: 0.117.0 (bot) - INFO - Instabot version: 0.117.0 Started
2020-08-04 20:49:11,286 - instabot version: 0.117.0 (bot) - DEBUG - Bot imported from C:\Users\reube\miniconda3\envs\minimal_ds\lib\site-packages\instabot\bot\bot.py
2020-08-04 20:49:11,286 - instabot version: 0.117.0 (api_login) - DEBUG - Loading cookies
2020-08-04 20:49:11,286 - instabot version: 0.117.0 (api_login) - DEBUG - Loading uuids
2020-08-04 20:49:11,286 - instabot version: 0.117.0 (api_login) - INFO - Recovery from H:\GitHub\Reddit-Insta-Bot/config/memes_byai_uuid_and_cookie.json: COOKIE True - UUIDs True - TIMING, DEVICE and ...
- user-agent=Instagram 117.0.0.28.123 Android (28/9.0; 420dpi; 1080x1920; OnePlus; ONEPLUS A3003; OnePlus3; qcom; en_US; 180322800)
- phone_id=9306c2e1-7935-47fa-b5a2-4af12d3f048d
- uuid=08156bcd-8f4e-4a2a-866e-6b9f616f5337
- client_session_id=800c582d-f34e-4c9f-956b-2ed97471f29a
- device_id=android-1d6246396561fa9b
2020-08-04 20:49:11,288 - instabot version: 0.117.0 (api_login) - INFO - LOGIN FLOW! Just logged-in: False
2020-08-04 20:49:12,724 - instabot version: 0.117.0 (api) - DEBUG - POST to endpoint: feed/timeline/ returned response: <Response [200]>
2020-08-04 20:49:13,333 - instabot version: 0.117.0 (api) - DEBUG - POST to endpoint: feed/reels_tray/ returned response: <Response [200]>
2020-08-04 20:49:13,333 - instabot version: 0.117.0 (api) - INFO - Logged-in successfully as 'memes_byai'!
2020-08-04 20:49:13,333 - instabot version: 0.117.0 (bot_checkpoint) - DEBUG - Loading Checkpoint file from: H:\GitHub\Reddit-Insta-Bot/config/memes_byai.checkpoint
2020-08-04 20:49:16,731 - instabot version: 0.117.0 (api_photo) - ERROR - Photo does not have a compatible photo aspect ratio.
2020-08-04 20:49:16,731 - instabot version: 0.117.0 (bot_photo) - INFO - Photo 'img.png' is not uploaded.
2020-08-04 20:49:17,497 - instabot version: 0.117.0 (bot) - INFO - Instabot version: 0.117.0 Started
2020-08-04 20:49:17,497 - instabot version: 0.117.0 (bot) - DEBUG - Bot imported from C:\Users\reube\miniconda3\envs\minimal_ds\lib\site-packages\instabot\bot\bot.py
2020-08-04 20:49:17,498 - instabot version: 0.117.0 (api_login) - DEBUG - Loading cookies
2020-08-04 20:49:17,498 - instabot version: 0.117.0 (api_login) - DEBUG - Loading uuids
2020-08-04 20:49:17,498 - instabot version: 0.117.0 (api_login) - INFO - Recovery from H:\GitHub\Reddit-Insta-Bot/config/memes_byai_uuid_and_cookie.json: COOKIE True - UUIDs True - TIMING, DEVICE and ...
- user-agent=Instagram 117.0.0.28.123 Android (28/9.0; 420dpi; 1080x1920; OnePlus; ONEPLUS A3003; OnePlus3; qcom; en_US; 180322800)
- phone_id=9306c2e1-7935-47fa-b5a2-4af12d3f048d
- uuid=08156bcd-8f4e-4a2a-866e-6b9f616f5337
- client_session_id=800c582d-f34e-4c9f-956b-2ed97471f29a
- device_id=android-1d6246396561fa9b
2020-08-04 20:49:17,499 - instabot version: 0.117.0 (api_login) - INFO - LOGIN FLOW! Just logged-in: False
2020-08-04 20:49:18,834 - instabot version: 0.117.0 (api) - DEBUG - POST to endpoint: feed/timeline/ returned response: <Response [200]>
2020-08-04 20:49:19,465 - instabot version: 0.117.0 (api) - DEBUG - POST to endpoint: feed/reels_tray/ returned response: <Response [200]>
2020-08-04 20:49:19,466 - instabot version: 0.117.0 (api) - INFO - Logged-in successfully as 'memes_byai'!
2020-08-04 20:49:19,466 - instabot version: 0.117.0 (bot_checkpoint) - DEBUG - Loading Checkpoint file from: H:\GitHub\Reddit-Insta-Bot/config/memes_byai.checkpoint
2020-08-04 20:49:21,928 - instabot version: 0.117.0 (api_photo) - ERROR - Photo does not have a compatible photo aspect ratio.
2020-08-04 20:49:21,928 - instabot version: 0.117.0 (bot_photo) - INFO - Photo 'img.png' is not uploaded.
2020-08-04 20:49:22,829 - instabot version: 0.117.0 (bot) - INFO - Instabot version: 0.117.0 Started
2020-08-04 20:49:22,829 - instabot version: 0.117.0 (bot) - DEBUG - Bot imported from C:\Users\reube\miniconda3\envs\minimal_ds\lib\site-packages\instabot\bot\bot.py
2020-08-04 20:49:22,830 - instabot version: 0.117.0 (api_login) - DEBUG - Loading cookies
2020-08-04 20:49:22,830 - instabot version: 0.117.0 (api_login) - DEBUG - Loading uuids
2020-08-04 20:49:22,830 - instabot version: 0.117.0 (api_login) - INFO - Recovery from H:\GitHub\Reddit-Insta-Bot/config/memes_byai_uuid_and_cookie.json: COOKIE True - UUIDs True - TIMING, DEVICE and ...
- user-agent=Instagram 117.0.0.28.123 Android (28/9.0; 420dpi; 1080x1920; OnePlus; ONEPLUS A3003; OnePlus3; qcom; en_US; 180322800)
- phone_id=9306c2e1-7935-47fa-b5a2-4af12d3f048d
- uuid=08156bcd-8f4e-4a2a-866e-6b9f616f5337
- client_session_id=800c582d-f34e-4c9f-956b-2ed97471f29a
- device_id=android-1d6246396561fa9b
2020-08-04 20:49:22,832 - instabot version: 0.117.0 (api_login) - INFO - LOGIN FLOW! Just logged-in: False
2020-08-04 20:49:24,432 - instabot version: 0.117.0 (api) - DEBUG - POST to endpoint: feed/timeline/ returned response: <Response [200]>
2020-08-04 20:49:25,049 - instabot version: 0.117.0 (api) - DEBUG - POST to endpoint: feed/reels_tray/ returned response: <Response [200]>
2020-08-04 20:49:25,049 - instabot version: 0.117.0 (api) - INFO - Logged-in successfully as 'memes_byai'!
2020-08-04 20:49:25,050 - instabot version: 0.117.0 (bot_checkpoint) - DEBUG - Loading Checkpoint file from: H:\GitHub\Reddit-Insta-Bot/config/memes_byai.checkpoint
2020-08-04 20:49:28,090 - instabot version: 0.117.0 (api_photo) - ERROR - Photo Upload failed with the following response: <Response [400]>
2020-08-04 20:49:28,091 - instabot version: 0.117.0 (bot_photo) - INFO - Photo 'img.png' is not uploaded.
2020-08-04 20:49:29,912 - instabot version: 0.117.0 (bot) - INFO - Instabot version: 0.117.0 Started
2020-08-04 20:49:29,912 - instabot version: 0.117.0 (bot) - DEBUG - Bot imported from C:\Users\reube\miniconda3\envs\minimal_ds\lib\site-packages\instabot\bot\bot.py
2020-08-04 20:49:29,913 - instabot version: 0.117.0 (api_login) - DEBUG - Loading cookies
2020-08-04 20:49:29,913 - instabot version: 0.117.0 (api_login) - DEBUG - Loading uuids
2020-08-04 20:49:29,913 - instabot version: 0.117.0 (api_login) - INFO - Recovery from H:\GitHub\Reddit-Insta-Bot/config/memes_byai_uuid_and_cookie.json: COOKIE True - UUIDs True - TIMING, DEVICE and ...
- user-agent=Instagram 117.0.0.28.123 Android (28/9.0; 420dpi; 1080x1920; OnePlus; ONEPLUS A3003; OnePlus3; qcom; en_US; 180322800)
- phone_id=9306c2e1-7935-47fa-b5a2-4af12d3f048d
- uuid=08156bcd-8f4e-4a2a-866e-6b9f616f5337
- client_session_id=800c582d-f34e-4c9f-956b-2ed97471f29a
- device_id=android-1d6246396561fa9b
2020-08-04 20:49:29,914 - instabot version: 0.117.0 (api_login) - INFO - LOGIN FLOW! Just logged-in: False
2020-08-04 20:49:31,444 - instabot version: 0.117.0 (api) - DEBUG - POST to endpoint: feed/timeline/ returned response: <Response [200]>
2020-08-04 20:49:32,081 - instabot version: 0.117.0 (api) - DEBUG - POST to endpoint: feed/reels_tray/ returned response: <Response [200]>
2020-08-04 20:49:32,082 - instabot version: 0.117.0 (api) - INFO - Logged-in successfully as 'memes_byai'!
2020-08-04 20:49:32,082 - instabot version: 0.117.0 (bot_checkpoint) - DEBUG - Loading Checkpoint file from: H:\GitHub\Reddit-Insta-Bot/config/memes_byai.checkpoint
2020-08-04 20:49:34,784 - instabot version: 0.117.0 (api_photo) - ERROR - Photo does not have a compatible photo aspect ratio.
2020-08-04 20:49:34,784 - instabot version: 0.117.0 (bot_photo) - INFO - Photo 'img.png' is not uploaded.
2020-08-04 20:49:35,307 - instabot version: 0.117.0 (bot) - INFO - Instabot version: 0.117.0 Started
2020-08-04 20:49:35,307 - instabot version: 0.117.0 (bot) - DEBUG - Bot imported from C:\Users\reube\miniconda3\envs\minimal_ds\lib\site-packages\instabot\bot\bot.py
2020-08-04 20:49:35,308 - instabot version: 0.117.0 (api_login) - DEBUG - Loading cookies
2020-08-04 20:49:35,308 - instabot version: 0.117.0 (api_login) - DEBUG - Loading uuids
2020-08-04 20:49:35,308 - instabot version: 0.117.0 (api_login) - INFO - Recovery from H:\GitHub\Reddit-Insta-Bot/config/memes_byai_uuid_and_cookie.json: COOKIE True - UUIDs True - TIMING, DEVICE and ...
- user-agent=Instagram 117.0.0.28.123 Android (28/9.0; 420dpi; 1080x1920; OnePlus; ONEPLUS A3003; OnePlus3; qcom; en_US; 180322800)
- phone_id=9306c2e1-7935-47fa-b5a2-4af12d3f048d
- uuid=08156bcd-8f4e-4a2a-866e-6b9f616f5337
- client_session_id=800c582d-f34e-4c9f-956b-2ed97471f29a
- device_id=android-1d6246396561fa9b
2020-08-04 20:49:35,310 - instabot version: 0.117.0 (api_login) - INFO - LOGIN FLOW! Just logged-in: False
2020-08-04 20:49:36,602 - instabot version: 0.117.0 (api) - DEBUG - POST to endpoint: feed/timeline/ returned response: <Response [200]>
2020-08-04 20:49:37,203 - instabot version: 0.117.0 (api) - DEBUG - POST to endpoint: feed/reels_tray/ returned response: <Response [200]>
2020-08-04 20:49:37,203 - instabot version: 0.117.0 (api) - INFO - Logged-in successfully as 'memes_byai'!
2020-08-04 20:49:37,204 - instabot version: 0.117.0 (bot_checkpoint) - DEBUG - Loading Checkpoint file from: H:\GitHub\Reddit-Insta-Bot/config/memes_byai.checkpoint
2020-08-04 20:49:41,501 - instabot version: 0.117.0 (api_photo) - ERROR - Photo Upload failed with the following response: <Response [400]>
2020-08-04 20:49:41,501 - instabot version: 0.117.0 (bot_photo) - INFO - Photo 'img.png' is not uploaded.
2020-08-04 20:49:41,675 - instabot version: 0.117.0 (bot) - INFO - Instabot version: 0.117.0 Started
2020-08-04 20:49:41,675 - instabot version: 0.117.0 (bot) - DEBUG - Bot imported from C:\Users\reube\miniconda3\envs\minimal_ds\lib\site-packages\instabot\bot\bot.py
2020-08-04 20:49:41,677 - instabot version: 0.117.0 (api_login) - DEBUG - Loading cookies
2020-08-04 20:49:41,677 - instabot version: 0.117.0 (api_login) - DEBUG - Loading uuids
2020-08-04 20:49:41,677 - instabot version: 0.117.0 (api_login) - INFO - Recovery from H:\GitHub\Reddit-Insta-Bot/config/memes_byai_uuid_and_cookie.json: COOKIE True - UUIDs True - TIMING, DEVICE and ...
- user-agent=Instagram 117.0.0.28.123 Android (28/9.0; 420dpi; 1080x1920; OnePlus; ONEPLUS A3003; OnePlus3; qcom; en_US; 180322800)
- phone_id=9306c2e1-7935-47fa-b5a2-4af12d3f048d
- uuid=08156bcd-8f4e-4a2a-866e-6b9f616f5337
- client_session_id=800c582d-f34e-4c9f-956b-2ed97471f29a
- device_id=android-1d6246396561fa9b
2020-08-04 20:49:41,689 - instabot version: 0.117.0 (api_login) - INFO - LOGIN FLOW! Just logged-in: False
2020-08-04 20:49:43,182 - instabot version: 0.117.0 (api) - DEBUG - POST to endpoint: feed/timeline/ returned response: <Response [200]>
2020-08-04 20:49:43,763 - instabot version: 0.117.0 (api) - DEBUG - POST to endpoint: feed/reels_tray/ returned response: <Response [200]>
2020-08-04 20:49:43,763 - instabot version: 0.117.0 (api) - INFO - Logged-in successfully as 'memes_byai'!
2020-08-04 20:49:43,764 - instabot version: 0.117.0 (bot_checkpoint) - DEBUG - Loading Checkpoint file from: H:\GitHub\Reddit-Insta-Bot/config/memes_byai.checkpoint
